#
# Copyright (c) 2009 Nokia Corporation and/or its subsidiary(-ies).
# All rights reserved.
# This component and the accompanying materials are made available
# under the terms of "Eclipse Public License v1.0"
# which accompanies this distribution, and is available
# at the URL "http://www.eclipse.org/legal/epl-v10.html".
#
# Initial Contributors:
# Nokia Corporation - initial contribution.
#
# Contributors:
#
# Description: 
#

component	syslibs_featmgr
source	\sf\os\persistentdata\featuremgmt\featuremgr
binary	\sf\os\persistentdata\featuremgmt\featuremgr\group	all
exports	\sf\os\persistentdata\featuremgmt\featuremgr\group

notes_source	\component_defs\release.src

ipr D 
ipr T \sf\os\persistentdata\featuremgmt\featuremgr\tools\group
ipr T \sf\os\persistentdata\featuremgmt\featuremgr\tools\featureinstaller
ipr T \sf\os\persistentdata\featuremgmt\featuremgr\tools\featureuninstaller
ipr T \sf\os\persistentdata\featuremgmt\featuremgr\tools\datfilehelpers
ipr T \sf\os\persistentdata\featuremgmt\featuremgr\test
ipr T \sf\os\persistentdata\featuremgmt\featuremgr\engineering
ipr T \sf\os\persistentdata\featuremgmt\featuremgr\documentation
