#
# Copyright (c) 2009 Nokia Corporation and/or its subsidiary(-ies).
# All rights reserved.
# This component and the accompanying materials are made available
# under the terms of "Eclipse Public License v1.0"
# which accompanies this distribution, and is available
# at the URL "http://www.eclipse.org/legal/epl-v10.html".
#
# Initial Contributors:
# Nokia Corporation - initial contribution.
#
# Contributors:
#
# Description: 
#

component	syslibs_store
source	\sf\os\persistentdata\persistentstorage\store
binary	\sf\os\persistentdata\persistentstorage\store\group	all
exports	\sf\os\persistentdata\persistentstorage\store\group

#MattD: This doesn't get registered, as it's an 'intermediate' file.
binary	\epoc32\release\tools\rel\pfsdump.exe

notes_source	\component_defs\release.src


ipr E 
ipr T \sf\os\persistentdata\persistentstorage\store\pcstore

