#
# Copyright (c) 2009 Nokia Corporation and/or its subsidiary(-ies).
# All rights reserved.
# This component and the accompanying materials are made available
# under the terms of "Eclipse Public License v1.0"
# which accompanies this distribution, and is available
# at the URL "http://www.eclipse.org/legal/epl-v10.html".
#
# Initial Contributors:
# Nokia Corporation - initial contribution.
#
# Contributors:
#
# Description: 
#

component	syslibs_featreg

source	\sf\os\persistentdata\featuremgmt\featureregistry
exports	\sf\os\persistentdata\featuremgmt\featureregistry\group
binary	\sf\os\persistentdata\featuremgmt\featureregistry\group	all

notes_source	\component_defs\release.src


ipr D 
ipr T \sf\os\persistentdata\featuremgmt\featureregistry\test
ipr T \sf\os\persistentdata\featuremgmt\featureregistry\tools

