component	syslibs_ecom3
source	\sf\os\ossrv\lowlevellibsandfws\pluginfw

binary	\sf\os\ossrv\lowlevellibsandfws\pluginfw\Group	all
exports	\sf\os\ossrv\lowlevellibsandfws\pluginfw\Group

notes_source	\component_defs\release.src


ipr T 
ipr D \sf\os\ossrv\lowlevellibsandfws\pluginfw\documentation
ipr D \sf\os\ossrv\lowlevellibsandfws\pluginfw\engineering
ipr D \sf\os\ossrv\lowlevellibsandfws\pluginfw\Framework
ipr T \sf\os\ossrv\lowlevellibsandfws\pluginfw\Framework\BackupNotifierTest
ipr T \sf\os\ossrv\lowlevellibsandfws\pluginfw\Framework\DefaultResolverTest
ipr T \sf\os\ossrv\lowlevellibsandfws\pluginfw\Framework\DisableDrivesTest
ipr T \sf\os\ossrv\lowlevellibsandfws\pluginfw\Framework\DiscovererTest
ipr T \sf\os\ossrv\lowlevellibsandfws\pluginfw\Framework\DriveInfoTest
ipr T \sf\os\ossrv\lowlevellibsandfws\pluginfw\Framework\DriveMountTest
ipr T \sf\os\ossrv\lowlevellibsandfws\pluginfw\Framework\EcomSsaDisabledTest
ipr T \sf\os\ossrv\lowlevellibsandfws\pluginfw\Framework\EcomSsaEnabledTest
ipr T \sf\os\ossrv\lowlevellibsandfws\pluginfw\Framework\EcomTestUtils
ipr T \sf\os\ossrv\lowlevellibsandfws\pluginfw\Framework\EikErrorResolverTest
ipr T \sf\os\ossrv\lowlevellibsandfws\pluginfw\Framework\Example
ipr T \sf\os\ossrv\lowlevellibsandfws\pluginfw\Framework\ExtendedInterfacesTest
ipr T \sf\os\ossrv\lowlevellibsandfws\pluginfw\Framework\FrameTests
ipr T \sf\os\ossrv\lowlevellibsandfws\pluginfw\Framework\HeapTest
ipr T \sf\os\ossrv\lowlevellibsandfws\pluginfw\Framework\HeapTestImpl
ipr T \sf\os\ossrv\lowlevellibsandfws\pluginfw\Framework\ListImplementationTest
ipr T \sf\os\ossrv\lowlevellibsandfws\pluginfw\Framework\LoadManagerTest
ipr T \sf\os\ossrv\lowlevellibsandfws\pluginfw\Framework\MagicServerTest
ipr T \sf\os\ossrv\lowlevellibsandfws\pluginfw\Framework\MultipleImageTest
ipr T \sf\os\ossrv\lowlevellibsandfws\pluginfw\Framework\NotificationTest
ipr T \sf\os\ossrv\lowlevellibsandfws\pluginfw\Framework\nullExample
ipr T \sf\os\ossrv\lowlevellibsandfws\pluginfw\Framework\PluginDiscoveryTests
ipr T \sf\os\ossrv\lowlevellibsandfws\pluginfw\Framework\PluginUpgradeTest
ipr T \sf\os\ossrv\lowlevellibsandfws\pluginfw\Framework\RegistrarTest
ipr T \sf\os\ossrv\lowlevellibsandfws\pluginfw\Framework\RegistryDataTest
ipr T \sf\os\ossrv\lowlevellibsandfws\pluginfw\Framework\ResolverTest
ipr T \sf\os\ossrv\lowlevellibsandfws\pluginfw\Framework\RomOnlyTest
ipr T \sf\os\ossrv\lowlevellibsandfws\pluginfw\Framework\RomResolverTest
ipr T \sf\os\ossrv\lowlevellibsandfws\pluginfw\Framework\ServerStartupMgrTest
ipr T \sf\os\ossrv\lowlevellibsandfws\pluginfw\Framework\SimpleTests
ipr T \sf\os\ossrv\lowlevellibsandfws\pluginfw\Framework\Suicidal
ipr T \sf\os\ossrv\lowlevellibsandfws\pluginfw\Framework\SuicideTests
ipr T \sf\os\ossrv\lowlevellibsandfws\pluginfw\Framework\T_PlatSecECom
ipr T \sf\os\ossrv\lowlevellibsandfws\pluginfw\Framework\T_PlatSecECom1
ipr T \sf\os\ossrv\lowlevellibsandfws\pluginfw\Framework\T_PlatSecECom2
ipr T \sf\os\ossrv\lowlevellibsandfws\pluginfw\Framework\T_PlatSecECom3
ipr T \sf\os\ossrv\lowlevellibsandfws\pluginfw\Framework\T_PlatSecECom4
ipr T \sf\os\ossrv\lowlevellibsandfws\pluginfw\Framework\T_PlatSecResolver
ipr T \sf\os\ossrv\lowlevellibsandfws\pluginfw\Framework\T_PlatSecTest
ipr T \sf\os\ossrv\lowlevellibsandfws\pluginfw\Framework\TestData
ipr T \sf\os\ossrv\lowlevellibsandfws\pluginfw\Framework\ValidateRegistryTest
ipr D \sf\os\ossrv\lowlevellibsandfws\pluginfw\Group

