component	security_certman
source	\sf\os\security\cryptoservices\certificateandkeymgmt
binary	\sf\os\security\cryptoservices\certificateandkeymgmt\group	all
exports	\sf\os\security\cryptoservices\certificateandkeymgmt\group

notes_source	\component_defs\release.src

ipr T
ipr E \sf\os\security\cryptoservices\certificateandkeymgmt\asn1
ipr E \sf\os\security\cryptoservices\certificateandkeymgmt\bwins
ipr E \sf\os\security\cryptoservices\certificateandkeymgmt\certstore
ipr E \sf\os\security\cryptoservices\certificateandkeymgmt\crypto
ipr E \sf\os\security\cryptoservices\certificateandkeymgmt\docs
ipr E \sf\os\security\cryptoservices\certificateandkeymgmt\documentation
ipr E \sf\os\security\cryptoservices\certificateandkeymgmt\eabi
ipr E \sf\os\security\cryptoservices\certificateandkeymgmt\group
ipr E \sf\os\security\cryptoservices\certificateandkeymgmt\inc
ipr E \sf\os\security\cryptoservices\certificateandkeymgmt\pkcs10
ipr E \sf\os\security\cryptoservices\certificateandkeymgmt\pkcs12
ipr E \sf\os\security\cryptoservices\certificateandkeymgmt\pkcs12recog
ipr E \sf\os\security\cryptoservices\certificateandkeymgmt\pkcs7
ipr E \sf\os\security\cryptoservices\certificateandkeymgmt\pkcs8recog
ipr E \sf\os\security\cryptoservices\certificateandkeymgmt\pkixCert
ipr E \sf\os\security\cryptoservices\certificateandkeymgmt\pkixcertbase
ipr E \sf\os\security\cryptoservices\certificateandkeymgmt\recog
ipr E \sf\os\security\cryptoservices\certificateandkeymgmt\swicertstore
ipr E \sf\os\security\cryptoservices\certificateandkeymgmt\swicertstoreplugin
ipr E \sf\os\security\cryptoservices\certificateandkeymgmt\wtlscert
ipr E \sf\os\security\cryptoservices\certificateandkeymgmt\x500
ipr E \sf\os\security\cryptoservices\certificateandkeymgmt\x509