#
# Copyright (c) 2009 Nokia Corporation and/or its subsidiary(-ies).
# All rights reserved.
# This component and the accompanying materials are made available
# under the terms of "Eclipse Public License v1.0"
# which accompanies this distribution, and is available
# at the URL "http://www.eclipse.org/legal/epl-v10.html".
#
# Initial Contributors:
# Nokia Corporation - initial contribution.
#
# Contributors:
#
# Description: 
#

component	syslibs_sql
source	\sf\os\persistentdata\persistentstorage\sql\bwins
source	\sf\os\persistentdata\persistentstorage\sql\documentation
source	\sf\os\persistentdata\persistentstorage\sql\eabi
source	\sf\os\persistentdata\persistentstorage\sql\GROUP
source	\sf\os\persistentdata\persistentstorage\sql\INC
source	\sf\os\persistentdata\persistentstorage\sql\SQLite
source	\sf\os\persistentdata\persistentstorage\sql\SQLite364
source	\sf\os\persistentdata\persistentstorage\sql\OsLayer
source	\sf\os\persistentdata\persistentstorage\sql\SRC
source	\sf\os\persistentdata\persistentstorage\sql\TEST
exports	\sf\os\persistentdata\persistentstorage\sql\GROUP
binary	\sf\os\persistentdata\persistentstorage\sql\GROUP	all
notes_source	\component_defs\release.src


ipr E 
ipr T \sf\os\persistentdata\persistentstorage\sql\TEST\testexecute
ipr T \sf\os\persistentdata\persistentstorage\sql\TEST

