#
# Copyright (c) 2009 Nokia Corporation and/or its subsidiary(-ies).
# All rights reserved.
# This component and the accompanying materials are made available
# under the terms of "Eclipse Public License v1.0"
# which accompanies this distribution, and is available
# at the URL "http://www.eclipse.org/legal/epl-v10.html".
#
# Initial Contributors:
# Nokia Corporation - initial contribution.
#
# Contributors:
#
# Description: 
#

component	syslibs_centralrepository_pccenrep

source	\src\mcl\os\persistentdata\persistentstorage\centralrepository
exports	\src\mcl\os\persistentdata\persistentstorage\centralrepository\pccenrep\group
binary	\src\mcl\os\persistentdata\persistentstorage\centralrepository\pccenrep\group	all

notes_source	\component_defs\release.src

ipr D 
ipr T \src\mcl\os\persistentdata\persistentstorage\centralrepository\convtool
ipr T \src\mcl\os\persistentdata\persistentstorage\centralrepository\test
ipr T \src\mcl\os\persistentdata\persistentstorage\centralrepository\cenrepnotifierhandler\test
ipr T \src\mcl\os\persistentdata\persistentstorage\centralrepository\pccenrep\test

