#
# Copyright (c) 2009 Nokia Corporation and/or its subsidiary(-ies).
# All rights reserved.
# This component and the accompanying materials are made available
# under the terms of "Eclipse Public License v1.0"
# which accompanies this distribution, and is available
# at the URL "http://www.eclipse.org/legal/epl-v10.html".
#
# Initial Contributors:
# Nokia Corporation - initial contribution.
#
# Contributors:
#
# Description: 
#

component	syslibs_dbms
source	\sf\os\persistentdata\persistentstorage\dbms\bmake
source	\sf\os\persistentdata\persistentstorage\dbms\bwins
source	\sf\os\persistentdata\persistentstorage\dbms\Documentation
source	\sf\os\persistentdata\persistentstorage\dbms\eabi
source	\sf\os\persistentdata\persistentstorage\dbms\group
source	\sf\os\persistentdata\persistentstorage\dbms\inc
source	\sf\os\persistentdata\persistentstorage\dbms\Inc2
source	\sf\os\persistentdata\persistentstorage\dbms\sdbms
source	\sf\os\persistentdata\persistentstorage\dbms\security
source	\sf\os\persistentdata\persistentstorage\dbms\sexe
source	\sf\os\persistentdata\persistentstorage\dbms\SPConv
source	\sf\os\persistentdata\persistentstorage\dbms\tdbms
source	\sf\os\persistentdata\persistentstorage\dbms\udbms
source	\sf\os\persistentdata\persistentstorage\dbms\usql
source	\sf\os\persistentdata\persistentstorage\dbms\ustor
source	\sf\os\persistentdata\persistentstorage\dbms\utable
source	\sf\os\persistentdata\persistentstorage\dbms\pcdbms
binary	\sf\os\persistentdata\persistentstorage\dbms\group	all
exports	\sf\os\persistentdata\persistentstorage\dbms\group
notes_source	\component_defs\release.src

ipr E 
ipr T \sf\os\persistentdata\persistentstorage\dbms\tdbms
ipr T \sf\os\persistentdata\persistentstorage\dbms\pcdbms\tdbms

