
component	security_ups
source	\sf\os\security\authorisation\userpromptservice\bwins
source	\sf\os\security\authorisation\userpromptservice\database
source	\sf\os\security\authorisation\userpromptservice\eabi
source	\sf\os\security\authorisation\userpromptservice\examples
source	\sf\os\security\authorisation\userpromptservice\group
source	\sf\os\security\authorisation\userpromptservice\inc
source	\sf\os\security\authorisation\userpromptservice\inc_private
source	\sf\os\security\authorisation\userpromptservice\policies
source	\sf\os\security\authorisation\userpromptservice\server
source	\sf\os\security\authorisation\userpromptservice\test

binary	\sf\os\security\authorisation\userpromptservice\group	all
exports	\sf\os\security\authorisation\userpromptservice\group

notes_source	\component_defs\release.src

ipr D
ipr T \sf\os\security\authorisation\userpromptservice\database\test
ipr T \sf\os\security\authorisation\userpromptservice\policies\test
ipr T \sf\os\security\authorisation\userpromptservice\server\test
ipr T \sf\os\security\authorisation\userpromptservice\test
ipr T \sf\os\security\authorisation\userpromptservice\examples
